<?xml version="1.0" encoding="UTF-8"?>
<!-- Generated by org.testng.reporters.JUnitReportReporter -->
<testsuite hostname="DESKTOP-RL14OM3" failures="0" tests="1" name="com.crm.CreateContactTestCaseTest.CreateContactLeadSource" time="39.497" errors="0" timestamp="2022-02-20T17:20:39 IST" skipped="0">
  <testcase classname="com.crm.CreateContactTestCaseTest.CreateContactLeadSource" name="createContactDeleteTest" time="39.497"/>
  <system-out/>
</testsuite> <!-- com.crm.CreateContactTestCaseTest.CreateContactLeadSource -->
