<?xml version="1.0" encoding="UTF-8"?>
<!-- Generated by org.testng.reporters.JUnitReportReporter -->
<testsuite hostname="DESKTOP-RL14OM3" failures="0" tests="1" name="com.crm.PRACTICE.DataVerificationDB" time="0.472" errors="0" timestamp="2022-02-16T15:06:09 IST" skipped="0">
  <testcase classname="com.crm.PRACTICE.DataVerificationDB" name="dataVerificationDB" time="0.472"/>
  <system-out/>
</testsuite> <!-- com.crm.PRACTICE.DataVerificationDB -->
