<?xml version="1.0" encoding="UTF-8"?>
<!-- Generated by org.testng.reporters.JUnitReportReporter -->
<testsuite hostname="DESKTOP-RL14OM3" failures="0" tests="1" name="com.crm.DynamicPracticeTest.ContactCheckBoxLastSelectTest" time="39.216" errors="0" timestamp="2022-03-08T15:26:24 IST" skipped="0">
  <testcase classname="com.crm.DynamicPracticeTest.ContactCheckBoxLastSelectTest" name="contactCheckBoxLastSelect" time="39.216"/>
  <system-out/>
</testsuite> <!-- com.crm.DynamicPracticeTest.ContactCheckBoxLastSelectTest -->
