<?xml version="1.0" encoding="UTF-8"?>
<!-- Generated by org.testng.reporters.JUnitReportReporter -->
<testsuite hostname="DESKTOP-RL14OM3" failures="0" tests="1" name="com.crm.OrganisationTests.CreateOrganisationWithPropertyFileTest" time="58.726" errors="0" timestamp="2022-02-17T12:56:19 IST" skipped="0">
  <testcase classname="com.crm.OrganisationTests.CreateOrganisationWithPropertyFileTest" name="createOrgTest" time="58.726"/>
  <system-out/>
</testsuite> <!-- com.crm.OrganisationTests.CreateOrganisationWithPropertyFileTest -->
