<?xml version="1.0" encoding="UTF-8"?>
<!-- Generated by org.testng.reporters.JUnitReportReporter -->
<testsuite hostname="DESKTOP-RL14OM3" failures="0" tests="1" name="com.crm.PRACTICE.WriteDataIntoExcelSheetTest" time="1.376" errors="0" timestamp="2022-02-17T16:38:49 IST" skipped="0">
  <testcase classname="com.crm.PRACTICE.WriteDataIntoExcelSheetTest" name="writeDataIntoExcelSheetTest" time="1.376"/>
  <system-out/>
</testsuite> <!-- com.crm.PRACTICE.WriteDataIntoExcelSheetTest -->
