<?xml version="1.0" encoding="UTF-8"?>
<!-- Generated by org.testng.reporters.JUnitReportReporter -->
<testsuite hostname="DESKTOP-RL14OM3" failures="0" tests="1" name="com.crm.DynamicPracticeTest.ContactSelectAndDeleteTest" time="20.901" errors="0" timestamp="2022-03-09T10:48:17 IST" skipped="0">
  <testcase classname="com.crm.DynamicPracticeTest.ContactSelectAndDeleteTest" name="contactSelectAndDelete" time="20.901"/>
  <system-out/>
</testsuite> <!-- com.crm.DynamicPracticeTest.ContactSelectAndDeleteTest -->
