<?xml version="1.0" encoding="UTF-8"?>
<!-- Generated by org.testng.reporters.JUnitReportReporter -->
<testsuite hostname="DESKTOP-RL14OM3" failures="0" tests="1" name="com.crm.OrganisationTests.CreateOrganizationTest" time="46.927" errors="0" timestamp="2022-02-16T18:34:03 IST" skipped="0">
  <testcase classname="com.crm.OrganisationTests.CreateOrganizationTest" name="createOrganizationTest" time="46.927"/>
  <system-out/>
</testsuite> <!-- com.crm.OrganisationTests.CreateOrganizationTest -->
