<?xml version="1.0" encoding="UTF-8"?>
<!-- Generated by org.testng.reporters.JUnitReportReporter -->
<testsuite hostname="DESKTOP-RL14OM3" failures="0" tests="1" name="com.crm.DynamicPracticeTest.ContactCheckBoxSelectTest" time="14.166" errors="0" timestamp="2022-03-08T15:00:52 IST" skipped="0">
  <testcase classname="com.crm.DynamicPracticeTest.ContactCheckBoxSelectTest" name="contactCheckBoxSelectAllTest" time="14.166"/>
  <system-out/>
</testsuite> <!-- com.crm.DynamicPracticeTest.ContactCheckBoxSelectTest -->
