<?xml version="1.0" encoding="UTF-8"?>
<!-- Generated by org.testng.reporters.JUnitReportReporter -->
<testsuite hostname="DESKTOP-RL14OM3" failures="0" tests="1" name="com.crm.PRACTICE.PracticeForGenericUtils" time="0.167" errors="0" timestamp="2022-02-21T13:42:34 IST" skipped="0">
  <testcase classname="com.crm.PRACTICE.PracticeForGenericUtils" name="practiceForGenericUtils" time="0.167"/>
  <system-out/>
</testsuite> <!-- com.crm.PRACTICE.PracticeForGenericUtils -->
