<?xml version="1.0" encoding="UTF-8"?>
<!-- Generated by org.testng.reporters.JUnitReportReporter -->
<testsuite hostname="DESKTOP-RL14OM3" failures="0" tests="1" name="com.crm.DynamicPracticeTest.ContactPrintLastNameTest" time="19.588" errors="0" timestamp="2022-03-09T10:47:22 IST" skipped="0">
  <testcase classname="com.crm.DynamicPracticeTest.ContactPrintLastNameTest" name="printLastNameContactTest" time="19.588"/>
  <system-out/>
</testsuite> <!-- com.crm.DynamicPracticeTest.ContactPrintLastNameTest -->
