<?xml version="1.0" encoding="UTF-8"?>
<!-- Generated by org.testng.reporters.JUnitReportReporter -->
<testsuite hostname="DESKTOP-RL14OM3" failures="0" tests="6" name="com.crm.PRACTICE.DataProviderPractice2" time="0.028" errors="0" timestamp="2022-02-28T16:22:34 IST" skipped="0">
  <testcase classname="com.crm.PRACTICE.DataProviderPractice2" name="sampleDataProvider" time="0.003"/>
  <system-out/>
  <testcase classname="com.crm.PRACTICE.DataProviderPractice2" name="sampleDataProvider" time="0.010"/>
  <system-out/>
  <testcase classname="com.crm.PRACTICE.DataProviderPractice2" name="sampleDataProvider" time="0.002"/>
  <system-out/>
  <testcase classname="com.crm.PRACTICE.DataProviderPractice2" name="sampleDataProvider" time="0.001"/>
  <system-out/>
  <testcase classname="com.crm.PRACTICE.DataProviderPractice2" name="sampleDataProvider" time="0.002"/>
  <system-out/>
  <testcase classname="com.crm.PRACTICE.DataProviderPractice2" name="sampleDataProvider" time="0.010"/>
  <system-out/>
</testsuite> <!-- com.crm.PRACTICE.DataProviderPractice2 -->
