<?xml version="1.0" encoding="UTF-8"?>
<!-- Generated by org.testng.reporters.JUnitReportReporter -->
<testsuite hostname="DESKTOP-RL14OM3" failures="0" tests="1" name="com.crm.CreateContactTestCaseTest.CreateContactAdministratoTest" time="48.323" errors="0" timestamp="2022-02-20T18:25:42 IST" skipped="0">
  <testcase classname="com.crm.CreateContactTestCaseTest.CreateContactAdministratoTest" name="createContactAdministrator" time="48.323"/>
  <system-out/>
</testsuite> <!-- com.crm.CreateContactTestCaseTest.CreateContactAdministratoTest -->
