<?xml version="1.0" encoding="UTF-8"?>
<!-- Generated by org.testng.reporters.JUnitReportReporter -->
<testsuite hostname="DESKTOP-RL14OM3" failures="0" tests="1" name="com.crm.OrganisationTests.CreateOrgWithMultipleDataTest" time="0.000" errors="0" timestamp="2022-03-01T10:33:10 IST" skipped="1">
  <testcase classname="com.crm.OrganisationTests.CreateOrgWithMultipleDataTest" name="createOrgWithMltipleData" time="0.000">
    <skipped/>
  </testcase> <!-- createOrgWithMltipleData -->
  <system-out/>
</testsuite> <!-- com.crm.OrganisationTests.CreateOrgWithMultipleDataTest -->
